IQ-TREE multicore version 2.3.0 COVID-edition for Linux 64-bit built Mar 14 2024
Developed by Bui Quang Minh, James Barbetti, Nguyen Lam Tung,
Olga Chernomor, Heiko Schmidt, Dominik Schrempf, Michael Woodhams, Ly Trong Nhan.

Host:    p0202.ten.osc.edu (AVX512, FMA3, 187 GB RAM)
Command: iqtree -s results/alignment/alignment.fasta -nt AUTO
Seed:    731265 (Using SPRNG - Scalable Parallel Random Number Generator)
Time:    Thu Apr 18 01:35:50 2024
Kernel:  AVX+FMA - auto-detect threads (1 CPU cores detected)

Reading alignment file results/alignment/alignment.fasta ... Fasta format detected
Reading fasta file: done in 0.00351587 secs using 93.52% CPU
Alignment most likely contains DNA/RNA sequences
Alignment has 6 sequences with 10141 columns, 1097 distinct patterns
1164 parsimony-informative, 1623 singleton sites, 7354 constant sites
                Gap/Ambiguity  Composition  p-value
Analyzing sequences: done in 4.58981e-05 secs using 95.86% CPU
   1  MN783372.1       58.74%    failed      0.23%
   2  KY489760.1       60.06%    failed      1.34%
   3  MZ913265.1        3.16%    failed      0.00%
   4  NM_001418621.1   58.42%    passed     46.13%
   5  MW595652.1       59.16%    passed     44.43%
   6  MN652069.1       52.36%    failed      0.00%
WARNING: 5 sequences contain more than 50% gaps/ambiguity
****  TOTAL            48.65%  4 sequences failed composition chi2 test (p-value<5%; df=3)


Create initial parsimony tree by phylogenetic likelihood library (PLL)... 0.001 seconds
Measuring multi-threading efficiency up to 1 CPU cores
Increase to 10 rounds for branch lengths
142 trees examined
Threads: 1 / Time: 1.000 sec / Speedup: 1.000 / Efficiency: 100% / LogL: -30612
BEST NUMBER OF THREADS: 1

Perform fast likelihood tree search using GTR+I+G model...
Estimate model parameters (epsilon = 5.000)
Perform nearest neighbor interchange...
Estimate model parameters (epsilon = 1.000)
1. Initial log-likelihood: -29871.096
2. Current log-likelihood: -29869.280
3. Current log-likelihood: -29867.785
4. Current log-likelihood: -29866.595
Optimal log-likelihood: -29865.594
Rate parameters:  A-C: 1.94074  A-G: 4.21345  A-T: 1.52916  C-G: 1.60912  C-T: 4.62618  G-T: 1.00000
Base frequencies:  A: 0.277  C: 0.215  G: 0.231  T: 0.276
Proportion of invariable sites: 0.302
Gamma shape alpha: 4.238
Parameters optimization took 4 rounds (0.021 sec)
Time for fast ML tree search: 0.070 seconds

NOTE: ModelFinder requires 2 MB RAM!
ModelFinder will test up to 484 DNA models (sample size: 10141) ...
 No. Model         -LnL         df  AIC          AICc         BIC
  1  GTR+F         30213.731    17  60461.462    60461.523    60584.276
  2  GTR+F+I       29879.200    18  59794.400    59794.467    59924.438
  3  GTR+F+G4      29860.904    18  59757.808    59757.876    59887.846
  4  GTR+F+I+G4    29859.740    19  59757.479    59757.554    59894.742
  5  GTR+F+R2      29863.837    19  59765.673    59765.748    59902.936
  6  GTR+F+R3      29860.126    21  59762.253    59762.344    59913.964
 14  GTR+F+I+R2    29859.812    20  59759.624    59759.707    59904.111
 15  GTR+F+I+R3    29855.689    22  59755.378    59755.478    59914.313
 25  SYM+G4        30023.017    15  60076.034    60076.081    60184.399
 26  SYM+I+G4      30019.305    16  60070.611    60070.664    60186.200
 47  TVM+F+G4      29862.434    17  59758.868    59758.928    59881.682
 48  TVM+F+I+G4    29861.062    18  59758.125    59758.193    59888.163
 69  TVMe+G4       30023.532    14  60075.064    60075.106    60176.205
 70  TVMe+I+G4     30019.964    15  60069.927    60069.975    60178.292
 91  TIM3+F+G4     29870.556    16  59773.112    59773.166    59888.702
 92  TIM3+F+I+G4   29869.005    17  59772.009    59772.070    59894.823
113  TIM3e+G4      30045.311    13  60116.622    60116.658    60210.538
114  TIM3e+I+G4    30040.331    14  60108.662    60108.703    60209.802
135  TIM2+F+G4     29875.766    16  59783.531    59783.585    59899.121
136  TIM2+F+I+G4   29872.614    17  59779.228    59779.289    59902.042
157  TIM2e+G4      30025.045    13  60076.090    60076.126    60170.006
158  TIM2e+I+G4    30020.653    14  60069.306    60069.347    60170.446
179  TIM+F+G4      29884.707    16  59801.415    59801.468    59917.004
180  TIM+F+I+G4    29881.064    17  59796.128    59796.188    59918.941
201  TIMe+G4       30046.665    13  60119.330    60119.366    60213.246
202  TIMe+I+G4     30040.995    14  60109.989    60110.031    60211.130
223  TPM3u+F+G4    29872.167    15  59774.333    59774.381    59882.698
224  TPM3u+F+I+G4  29870.439    16  59772.878    59772.932    59888.468
245  TPM3+G4       30046.004    12  60116.007    60116.038    60202.699
246  TPM3+I+G4     30041.313    13  60108.626    60108.662    60202.543
267  TPM2u+F+G4    29877.127    15  59784.253    59784.301    59892.618
268  TPM2u+F+I+G4  29873.932    16  59779.864    59779.918    59895.453
289  TPM2+G4       30025.554    12  60075.109    60075.139    60161.801
290  TPM2+I+G4     30021.315    13  60068.629    60068.665    60162.546
311  K3Pu+F+G4     29886.149    15  59802.298    59802.346    59910.663
312  K3Pu+F+I+G4   29882.466    16  59796.932    59796.986    59912.522
333  K3P+G4        30047.376    12  60118.752    60118.783    60205.444
334  K3P+I+G4      30041.965    13  60109.931    60109.967    60203.847
355  TN+F+G4       29884.923    15  59799.845    59799.893    59908.210
356  TN+F+I+G4     29881.301    16  59794.602    59794.655    59910.191
377  TNe+G4        30046.988    12  60117.976    60118.006    60204.668
378  TNe+I+G4      30041.219    13  60108.437    60108.473    60202.353
399  HKY+F+G4      29886.340    14  59800.680    59800.722    59901.821
400  HKY+F+I+G4    29882.680    15  59795.360    59795.407    59903.725
421  K2P+G4        30047.710    11  60117.420    60117.446    60196.888
422  K2P+I+G4      30042.276    12  60108.553    60108.583    60195.245
443  F81+F+G4      30227.284    13  60480.568    60480.604    60574.484
444  F81+F+I+G4    30217.159    14  60462.318    60462.359    60563.458
465  JC+G4         30391.559    10  60803.119    60803.141    60875.362
466  JC+I+G4       30381.317    11  60784.634    60784.660    60864.102
Akaike Information Criterion:           GTR+F+I+R3
Corrected Akaike Information Criterion: GTR+F+I+R3
Bayesian Information Criterion:         TVM+F+G4
Best-fit model: TVM+F+G4 chosen according to BIC

All model information printed to results/alignment/alignment.fasta.model.gz
CPU time for ModelFinder: 2.818 seconds (0h:0m:2s)
Wall-clock time for ModelFinder: 2.848 seconds (0h:0m:2s)

NOTE: 0 MB RAM (0 GB) is required!
Estimate model parameters (epsilon = 0.100)
1. Initial log-likelihood: -29862.434
Optimal log-likelihood: -29862.433
Rate parameters:  A-C: 2.18335  A-G: 4.92563  A-T: 1.57844  C-G: 1.72227  C-T: 4.92563  G-T: 1.00000
Base frequencies:  A: 0.277  C: 0.215  G: 0.231  T: 0.276
Gamma shape alpha: 0.703
Parameters optimization took 1 rounds (0.003 sec)
Wrote distance file to... 
Computing ML distances based on estimated model parameters...
Calculating distance matrix: done in 0.000178921 secs using 97.81% CPU
Computing ML distances took 0.000243 sec (of wall-clock time) 0.000240 sec (of CPU time)
Setting up auxiliary I and S matrices: done in 1.83329e-05 secs using 92.73% CPU
Computing RapidNJ tree took 0.000063 sec (of wall-clock time) 0.000063 sec (of CPU time)
Log-likelihood of RapidNJ tree: -29862.433
--------------------------------------------------------------------
|             INITIALIZING CANDIDATE TREE SET                      |
--------------------------------------------------------------------
Generating 99 parsimony trees... 0.066 second
Computing log-likelihood of 6 initial trees ... 0.007 seconds
Current best score: -29862.433

Do NNI search on 7 best initial trees
Finish initializing candidate tree set (7)
Current best tree score: -29862.433 / CPU time: 0.116
Number of iterations: 7
--------------------------------------------------------------------
|               OPTIMIZING CANDIDATE TREE SET                      |
--------------------------------------------------------------------
Iteration 10 / LogL: -29862.948 / Time: 0h:0m:0s
UPDATE BEST LOG-LIKELIHOOD: -29862.433
Iteration 20 / LogL: -29862.454 / Time: 0h:0m:0s
UPDATE BEST LOG-LIKELIHOOD: -29862.433
Iteration 30 / LogL: -29862.499 / Time: 0h:0m:0s (0h:0m:0s left)
Iteration 40 / LogL: -29862.507 / Time: 0h:0m:0s (0h:0m:0s left)
Iteration 50 / LogL: -29921.674 / Time: 0h:0m:0s (0h:0m:0s left)
Iteration 60 / LogL: -29865.216 / Time: 0h:0m:0s (0h:0m:0s left)
Iteration 70 / LogL: -29862.948 / Time: 0h:0m:0s (0h:0m:0s left)
Iteration 80 / LogL: -29863.022 / Time: 0h:0m:0s (0h:0m:0s left)
Iteration 90 / LogL: -29862.503 / Time: 0h:0m:0s (0h:0m:0s left)
Iteration 100 / LogL: -29862.893 / Time: 0h:0m:0s (0h:0m:0s left)
TREE SEARCH COMPLETED AFTER 101 ITERATIONS / Time: 0h:0m:0s

--------------------------------------------------------------------
|                    FINALIZING TREE SEARCH                        |
--------------------------------------------------------------------
Performs final model parameters optimization
Estimate model parameters (epsilon = 0.010)
1. Initial log-likelihood: -29862.433
Optimal log-likelihood: -29862.432
Rate parameters:  A-C: 2.18722  A-G: 4.92780  A-T: 1.58228  C-G: 1.72502  C-T: 4.92780  G-T: 1.00000
Base frequencies:  A: 0.277  C: 0.215  G: 0.231  T: 0.276
Gamma shape alpha: 0.703
Parameters optimization took 1 rounds (0.003 sec)
BEST SCORE FOUND : -29862.432
Total tree length: 1.808

Total number of iterations: 101
CPU time used for tree search: 0.839 sec (0h:0m:0s)
Wall-clock time used for tree search: 0.844 sec (0h:0m:0s)
Total CPU time used: 0.857 sec (0h:0m:0s)
Total wall-clock time used: 0.867 sec (0h:0m:0s)

Analysis results written to: 
  IQ-TREE report:                results/alignment/alignment.fasta.iqtree
  Maximum-likelihood tree:       results/alignment/alignment.fasta.treefile
  Likelihood distances:          results/alignment/alignment.fasta.mldist
  Screen log file:               results/alignment/alignment.fasta.log

Date and Time: Thu Apr 18 01:35:54 2024

# Done with script iqtree.sh
Thu Apr 18 01:35:54 EDT 2024
